0 info it worked if it ends with ok
1 verbose cli [ '/Users/walti/.nvm/versions/node/v4.1.2/bin/node',
1 verbose cli   '/Users/walti/.nvm/versions/node/v4.1.2/bin/npm',
1 verbose cli   'run',
1 verbose cli   'start' ]
2 info using npm@3.9.5
3 info using node@v4.1.2
4 verbose run-script [ 'prestart', 'start', 'poststart' ]
5 info lifecycle ac-pixlbros@1.0.0~prestart: ac-pixlbros@1.0.0
6 silly lifecycle ac-pixlbros@1.0.0~prestart: no script for prestart, continuing
7 info lifecycle ac-pixlbros@1.0.0~start: ac-pixlbros@1.0.0
8 verbose lifecycle ac-pixlbros@1.0.0~start: unsafe-perm in lifecycle true
9 verbose lifecycle ac-pixlbros@1.0.0~start: PATH: /Users/walti/.nvm/versions/node/v4.1.2/lib/node_modules/npm/bin/node-gyp-bin:/Users/walti/Projects/playground/ac-pixlbros/node_modules/.bin:/Users/walti/.nvm/versions/node/v4.1.2/bin:/usr/local/Cellar/pyenv-virtualenv/1.0.0/shims:/Users/walti/.pyenv/shims:/Users/walti/.nvm/versions/node/v4.1.2/bin:/usr/local/bin:/usr/bin:/bin:/usr/sbin:/sbin:/usr/local/git/bin:/Applications/Postgres.app/Contents/Versions/9.3/bin:/Users/walti/bin
10 verbose lifecycle ac-pixlbros@1.0.0~start: CWD: /Users/walti/Projects/playground/ac-pixlbros
11 silly lifecycle ac-pixlbros@1.0.0~start: Args: [ '-c', 'gulp' ]
12 silly lifecycle ac-pixlbros@1.0.0~start: Returned: code: 1  signal: null
13 info lifecycle ac-pixlbros@1.0.0~start: Failed to exec start script
14 verbose stack Error: ac-pixlbros@1.0.0 start: `gulp`
14 verbose stack Exit status 1
14 verbose stack     at EventEmitter.<anonymous> (/Users/walti/.nvm/versions/node/v4.1.2/lib/node_modules/npm/lib/utils/lifecycle.js:245:16)
14 verbose stack     at emitTwo (events.js:87:13)
14 verbose stack     at EventEmitter.emit (events.js:172:7)
14 verbose stack     at ChildProcess.<anonymous> (/Users/walti/.nvm/versions/node/v4.1.2/lib/node_modules/npm/lib/utils/spawn.js:24:14)
14 verbose stack     at emitTwo (events.js:87:13)
14 verbose stack     at ChildProcess.emit (events.js:172:7)
14 verbose stack     at maybeClose (internal/child_process.js:818:16)
14 verbose stack     at Process.ChildProcess._handle.onexit (internal/child_process.js:211:5)
15 verbose pkgid ac-pixlbros@1.0.0
16 verbose cwd /Users/walti/Projects/playground/ac-pixlbros
17 error Darwin 15.6.0
18 error argv "/Users/walti/.nvm/versions/node/v4.1.2/bin/node" "/Users/walti/.nvm/versions/node/v4.1.2/bin/npm" "run" "start"
19 error node v4.1.2
20 error npm  v3.9.5
21 error code ELIFECYCLE
22 error ac-pixlbros@1.0.0 start: `gulp`
22 error Exit status 1
23 error Failed at the ac-pixlbros@1.0.0 start script 'gulp'.
23 error Make sure you have the latest version of node.js and npm installed.
23 error If you do, this is most likely a problem with the ac-pixlbros package,
23 error not with npm itself.
23 error Tell the author that this fails on your system:
23 error     gulp
23 error You can get information on how to open an issue for this project with:
23 error     npm bugs ac-pixlbros
23 error Or if that isn't available, you can get their info via:
23 error     npm owner ls ac-pixlbros
23 error There is likely additional logging output above.
24 verbose exit [ 1, true ]
